java -Djdk.virtualThreadScheduler.parallelism=1 com.faire.example.virtualthreads.Main 2 true

# Output

Running example 2 with virtual threads

main: Starting virtual threadA
main: Starting virtual threadB
main: Joining threads

# Thread dump

2227
2024-03-07T14:01:59.492436Z
21.0.2+13-LTS

#1 "main"
      java.base/jdk.internal.misc.Unsafe.park(Native Method)
      java.base/java.util.concurrent.locks.LockSupport.park(LockSupport.java:221)
      java.base/java.util.concurrent.locks.AbstractQueuedSynchronizer.acquire(AbstractQueuedSynchronizer.java:754)
      java.base/java.util.concurrent.locks.AbstractQueuedSynchronizer.acquireSharedInterruptibly(AbstractQueuedSynchronizer.java:1099)
      java.base/java.util.concurrent.CountDownLatch.await(CountDownLatch.java:230)
      java.base/java.lang.VirtualThread.joinNanos(VirtualThread.java:822)
      java.base/java.lang.Thread.join(Thread.java:2061)
      java.base/java.lang.Thread.join(Thread.java:2154)
      com.faire.example.virtualthreads.Threads.startThreadsDoWorkAndJoin(Threads.java:22)
      com.faire.example.virtualthreads.Main.main(Main.java:18)

#9 "Reference Handler"
      java.base/java.lang.ref.Reference.waitForReferencePendingList(Native Method)
      java.base/java.lang.ref.Reference.processPendingReferences(Reference.java:246)
      java.base/java.lang.ref.Reference$ReferenceHandler.run(Reference.java:208)

#10 "Finalizer"
      java.base/java.lang.Object.wait0(Native Method)
      java.base/java.lang.Object.wait(Object.java:366)
      java.base/java.lang.Object.wait(Object.java:339)
      java.base/java.lang.ref.NativeReferenceQueue.await(NativeReferenceQueue.java:48)
      java.base/java.lang.ref.ReferenceQueue.remove0(ReferenceQueue.java:158)
      java.base/java.lang.ref.NativeReferenceQueue.remove(NativeReferenceQueue.java:89)
      java.base/java.lang.ref.Finalizer$FinalizerThread.run(Finalizer.java:173)

#11 "Signal Dispatcher"

#18 "Notification Thread"

#19 "Common-Cleaner"
      java.base/jdk.internal.misc.Unsafe.park(Native Method)
      java.base/java.util.concurrent.locks.LockSupport.parkNanos(LockSupport.java:269)
      java.base/java.util.concurrent.locks.AbstractQueuedSynchronizer$ConditionObject.await(AbstractQueuedSynchronizer.java:1847)
      java.base/java.lang.ref.ReferenceQueue.await(ReferenceQueue.java:71)
      java.base/java.lang.ref.ReferenceQueue.remove0(ReferenceQueue.java:143)
      java.base/java.lang.ref.ReferenceQueue.remove(ReferenceQueue.java:218)
      java.base/jdk.internal.ref.CleanerImpl.run(CleanerImpl.java:140)
      java.base/java.lang.Thread.run(Thread.java:1583)
      java.base/jdk.internal.misc.InnocuousThread.run(InnocuousThread.java:186)

#24 "Attach Listener"
      java.base/java.lang.Thread.getStackTrace(Thread.java:2450)
      java.base/jdk.internal.vm.ThreadDumper.dumpThread(ThreadDumper.java:165)
      java.base/jdk.internal.vm.ThreadDumper.lambda$dumpThreads$0(ThreadDumper.java:158)
      java.base/java.util.stream.ReferencePipeline$2$1.accept(ReferencePipeline.java:179)
      java.base/java.util.Spliterators$ArraySpliterator.forEachRemaining(Spliterators.java:1024)
      java.base/java.util.stream.AbstractPipeline.copyInto(AbstractPipeline.java:509)
      java.base/java.util.stream.AbstractPipeline.wrapAndCopyInto(AbstractPipeline.java:499)
      java.base/java.util.stream.StreamSpliterators$WrappingSpliterator.forEachRemaining(StreamSpliterators.java:310)
      java.base/java.util.stream.Streams$ConcatSpliterator.forEachRemaining(Streams.java:734)
      java.base/java.util.stream.ReferencePipeline$Head.forEach(ReferencePipeline.java:762)
      java.base/jdk.internal.vm.ThreadDumper.dumpThreads(ThreadDumper.java:158)
      java.base/jdk.internal.vm.ThreadDumper.dumpThreads(ThreadDumper.java:154)
      java.base/jdk.internal.vm.ThreadDumper.dumpThreadsToFile(ThreadDumper.java:119)
      java.base/jdk.internal.vm.ThreadDumper.dumpThreads(ThreadDumper.java:68)

#20 "threadA" virtual
      java.base/java.lang.VirtualThread.parkNanos(VirtualThread.java:621)
      java.base/java.lang.VirtualThread.sleepNanos(VirtualThread.java:791)
      java.base/java.lang.Thread.sleep(Thread.java:507)
      com.faire.example.virtualthreads.Threads.sleep(Threads.java:33)
      com.faire.example.virtualthreads.Example2.threadAWork(Example2.java:40)
      java.base/java.lang.VirtualThread.run(VirtualThread.java:309)

#22 "threadB" virtual
      java.base/jdk.internal.misc.Unsafe.park(Native Method)
      java.base/java.lang.VirtualThread.parkOnCarrierThread(VirtualThread.java:661)
      java.base/java.lang.VirtualThread.park(VirtualThread.java:593)
      java.base/java.lang.System$2.parkVirtualThread(System.java:2643)
      java.base/jdk.internal.misc.VirtualThreads.park(VirtualThreads.java:54)
      java.base/java.util.concurrent.locks.LockSupport.park(LockSupport.java:219)
      java.base/java.util.concurrent.locks.AbstractQueuedSynchronizer.acquire(AbstractQueuedSynchronizer.java:754)
      java.base/java.util.concurrent.locks.AbstractQueuedSynchronizer.acquire(AbstractQueuedSynchronizer.java:990)
      java.base/java.util.concurrent.locks.ReentrantLock$Sync.lock(ReentrantLock.java:153)
      java.base/java.util.concurrent.locks.ReentrantLock.lock(ReentrantLock.java:322)
      com.faire.example.virtualthreads.ClassWithLockInStaticInitializer.initializeField(Example2.java:23)
      com.faire.example.virtualthreads.ClassWithLockInStaticInitializer.<clinit>(Example2.java:19)
      com.faire.example.virtualthreads.Example2.threadBWork(Example2.java:47)
      java.base/java.lang.VirtualThread.run(VirtualThread.java:309)

#23 "VirtualThread-unparker"
      java.base/jdk.internal.misc.Unsafe.park(Native Method)
      java.base/java.util.concurrent.locks.LockSupport.park(LockSupport.java:371)
      java.base/java.util.concurrent.locks.AbstractQueuedSynchronizer$ConditionNode.block(AbstractQueuedSynchronizer.java:519)
      java.base/java.util.concurrent.ForkJoinPool.unmanagedBlock(ForkJoinPool.java:3780)
      java.base/java.util.concurrent.ForkJoinPool.managedBlock(ForkJoinPool.java:3725)
      java.base/java.util.concurrent.locks.AbstractQueuedSynchronizer$ConditionObject.await(AbstractQueuedSynchronizer.java:1707)
      java.base/java.util.concurrent.ScheduledThreadPoolExecutor$DelayedWorkQueue.take(ScheduledThreadPoolExecutor.java:1170)
      java.base/java.util.concurrent.ScheduledThreadPoolExecutor$DelayedWorkQueue.take(ScheduledThreadPoolExecutor.java:899)
      java.base/java.util.concurrent.ThreadPoolExecutor.getTask(ThreadPoolExecutor.java:1070)
      java.base/java.util.concurrent.ThreadPoolExecutor.runWorker(ThreadPoolExecutor.java:1130)
      java.base/java.util.concurrent.ThreadPoolExecutor$Worker.run(ThreadPoolExecutor.java:642)
      java.base/java.lang.Thread.run(Thread.java:1583)
      java.base/jdk.internal.misc.InnocuousThread.run(InnocuousThread.java:186)

#21 "ForkJoinPool-1-worker-1"
      java.base/jdk.internal.vm.Continuation.run(Continuation.java:248)
      java.base/java.lang.VirtualThread.runContinuation(VirtualThread.java:221)
      java.base/java.util.concurrent.ForkJoinTask$RunnableExecuteAction.exec(ForkJoinTask.java:1423)
      java.base/java.util.concurrent.ForkJoinTask.doExec(ForkJoinTask.java:387)
      java.base/java.util.concurrent.ForkJoinPool$WorkQueue.topLevelExec(ForkJoinPool.java:1312)
      java.base/java.util.concurrent.ForkJoinPool.scan(ForkJoinPool.java:1843)
      java.base/java.util.concurrent.ForkJoinPool.runWorker(ForkJoinPool.java:1808)
      java.base/java.util.concurrent.ForkJoinWorkerThread.run(ForkJoinWorkerThread.java:188)

